1, 637438.1273313795, 400744.1945959314
2, 568800.3940943147, 396065.4312728287
3, 581853.6056685825, 395301.8165711242
4, 589457.6948208485, 395070.16573660716
5, 583794.8247341911, 394998.2566710633
6, 587001.5824832522, 394959.66451907466
7, 580718.663723102, 394951.21007508115
8, 596303.3280837648, 394933.06719257304
9, 581750.833587089, 395202.9649198458
10, 579364.8838751015, 397204.6055575284
11, 582439.0553631242, 396278.0961089692
12, 582625.9409970691, 398288.1337510146
13, 593358.1618104192, 402150.447164164
14, 562134.6997674964, 401997.4652242289
15, 573714.8587374391, 407590.9406706575
16, 587123.2094371701, 410221.7574827516
17, 555165.3830599117, 409328.72364549513
18, 564789.4456312804, 413405.31031858764
19, 588210.5930267966, 417443.06782670453
20, 537968.9373429887, 419633.805955763
21, 570658.999481387, 423763.9997843953
22, 547020.040267839, 423551.8197037338
23, 555402.0546668824, 424939.45984679385
24, 555170.7302451279, 424269.1361099838
25, 554826.17417466, 429801.80144074676
26, 549691.1390929506, 434449.9815087257
27, 558412.5540816586, 433127.458299513
28, 545734.1897187753, 432533.2671722808
29, 552064.7445870762, 436561.9859476461
30, 538206.8766969905, 432267.1423752029
31, 556003.108743783, 432658.3893821023
32, 536861.0478836785, 438874.6583806818
33, 542295.7466995914, 439008.2845221185
34, 531067.9776314454, 435683.2183441558
35, 538777.2968052172, 443440.0095627029
36, 541243.3669876675, 451015.2622260552
37, 535014.5175947777, 440841.6682224026
38, 540300.3499448082, 437391.3689630682
39, 532251.060777634, 429133.20315036527
40, 516700.34431460616, 429680.3238890016
41, 532867.2778211277, 453094.7992593344
42, 515069.7688286642, 433921.5244774757
43, 534681.3434930724, 447609.0466974432
44, 513713.090933313, 433320.88750507304
45, 517562.466853177, 438556.6263189935
46, 516582.0682824553, 440672.56214488635
47, 532381.7575111652, 435252.5881950081
48, 510783.66238295526, 430540.3625456575
49, 522056.2451627842, 444082.4187297078
50, 510230.31617945596, 453188.5807883523
51, 525222.3630830034, 456309.8140472808
52, 501792.83441813843, 454022.3348721591
53, 509797.6398351857, 458657.08535409905
54, 515234.745919293, 432249.8764458198
55, 496433.1764013652, 433843.4613687094
56, 499389.5177137256, 439750.3063869724
57, 496361.957835338, 464440.6411323052
58, 503112.5871491829, 467873.3713981331
59, 495583.4760708486, 454681.4634993912
60, 501610.464325137, 463630.58187905845
61, 498991.5394716809, 467817.35688920453
62, 492667.70428910374, 449781.0765777192
63, 496941.501091149, 454776.64108157466
64, 484552.6605479852, 430460.4741781656
65, 486800.75500215695, 439683.4909699675
66, 494857.14611405047, 449395.01288555196
67, 474912.37946609827, 442072.2817573052
68, 490691.71932095004, 472288.2803368507
69, 474848.0862071153, 471657.3793120942
70, 475372.82778282644, 470069.5950943588
71, 477356.1175713053, 465421.1633015422
72, 477602.7468248833, 483352.7495941558
73, 472470.58449426515, 457385.8620637175
74, 474096.8571578106, 466654.92578125
75, 468297.3765637688, 473712.8304839692
76, 462584.5425183338, 428077.45964387176
77, 483194.3233290195, 477881.5687398539
78, 461707.0502122824, 502356.04723011365
79, 459605.9376427375, 460643.98371550324
80, 459528.0418553974, 452201.1039468344
81, 477315.39589637576, 486453.91522930196
82, 441884.01181232237, 433345.1785714286
83, 461545.07523853023, 482733.8045099432
84, 456543.8570927857, 515681.86279931007
85, 460776.0360364647, 486697.85595068993
86, 453889.3210134998, 512547.39704241074
87, 449466.29570772435, 483332.83319805196
88, 438575.55285015097, 458440.1195211039
89, 473006.0777633983, 461813.0425629058
90, 409823.0234026086, 462286.17600953736
91, 433337.846852162, 499466.96776075487
92, 448051.24657429964, 527646.9658837257
93, 443961.6588398929, 463707.5277749594
94, 428330.42878349574, 446736.5396966315
95, 433402.22700260737, 475559.7436333198
96, 425908.83101146977, 474502.47351866885
97, 469046.2850182704, 453834.00783786527
98, 372913.8780514109, 459076.4104859984
99, 416155.94429390924, 470223.24604301946
100, 427779.0281716276, 485659.7452059659
101, 414871.2842252842, 462657.96291599027
102, 408555.8967246498, 482533.772169237
103, 410143.7124124543, 502496.6140929383
104, 452570.7606164992, 462475.7833806818
105, 350249.4238162302, 454218.4073914367
106, 397277.66243628354, 462378.2549462257
107, 408033.51077390695, 480712.5208502435
108, 392623.0112302705, 501175.7588271104
109, 392577.57139651215, 481984.5934202516
110, 399070.6918051221, 467576.317091112
111, 385083.32821857237, 464820.7511414367
112, 398277.1871352263, 504277.755960836
113, 392513.83836245176, 469046.2372666396
114, 389283.12519428163, 505878.9523133117
115, 385054.7430288583, 492957.5860135958
116, 385385.6500226794, 492542.593851461
117, 380215.0713370382, 501536.27843445615
118, 383180.4213988118, 489041.09925426135
119, 390938.43872714613, 560822.44140625
120, 385581.9640345076, 517741.13430905034
121, 382510.0441614012, 495068.6101359578
122, 386068.60357509897, 505016.3753043831
123, 379567.5287269162, 511166.21727881493
124, 417818.22498366446, 505780.9363839286
125, 331860.3043005227, 520430.6500608766
126, 364764.9780620369, 528541.8590959822
127, 368821.39534247486, 475466.6044541396
128, 374631.3453070284, 479488.72169237013
129, 369922.7730568666, 512874.6304281656
130, 354317.99364976655, 529299.6148285308
131, 448480.71211746347, 502234.2190543831
132, 263560.02260208904, 485823.19792512176
133, 355122.02280271455, 478099.76292359986
134, 348558.8348971021, 539491.2070566153
135, 373622.7779932057, 542481.9220525568
136, 362823.11554760457, 474941.4656047078
137, 351310.4079735555, 479225.0565708705
138, 339465.34426306206, 467878.01435990765
139, 363027.41087628144, 508578.7284395292
140, 321386.64383262914, 494504.4437398539
141, 327702.6201255139, 504698.38347199676
142, 328713.8822641501, 496081.794921875
143, 333476.12358214066, 514826.43917410716
144, 338653.9081531669, 492206.5716568588
145, 319287.4235164814, 502461.0739555854
146, 333347.49513502966, 530039.451755276
147, 331798.4393536052, 511978.55012175324
148, 328549.1438128045, 552316.6896306818
149, 329094.42728950974, 496666.9388570414
150, 323118.3368641044, 495691.26968344155
151, 323075.0064727498, 512628.38474025973
152, 306800.57721465186, 512460.33086444804
153, 325123.27727713913, 487805.6081828328
154, 324533.25940719526, 520025.3915381493
155, 309576.03032696404, 499988.6012327516
156, 311052.4199163241, 511898.17491883115
157, 305174.3853861367, 511808.9998224432
158, 304123.5829138436, 510473.07848011365
159, 310679.54274037, 556085.6961749188
160, 305513.2228069174, 536115.0770089285
161, 315862.1481718496, 499056.80547382304
162, 319670.508387415, 475327.2813134132
163, 299213.48814009846, 500948.5822341721
164, 303107.6229762992, 520206.1226663961
165, 291115.20120835234, 523548.0190239448
166, 298702.41076724586, 503180.9484831575
167, 287309.71486397117, 520364.8023285308
168, 288780.7281952586, 510214.73686079547
169, 280808.04772200837, 519503.78152901784
170, 297691.35300097696, 510094.59874695615
171, 285289.9512591035, 541437.6907467532
172, 286483.15861864976, 506536.27924614446
173, 281608.06040730944, 510725.1779372971
174, 279934.2558339994, 514693.406148539
175, 279866.5558864951, 478970.79090148135
176, 280641.1634971008, 484740.29796570615
177, 279034.6092481222, 512072.44155844155
178, 282280.76331463474, 533656.8801237824
179, 360726.50998696726, 520471.49675324676
180, 190050.2825409815, 530416.8889508928
181, 313051.51149116294, 519066.38474025973
182, 235343.025540202, 506568.2693536932
183, 267395.00143134006, 498852.350877638
184, 267783.1070398539, 481913.2793729708
185, 260452.68830250204, 481910.4523894075
186, 259944.34460087417, 498129.0572493912
187, 258927.7091679513, 509593.554586039
188, 252626.13464429812, 470607.25668374595
189, 258643.34207303243, 503987.32898741885
190, 247638.17626854003, 516235.41188108764
191, 245530.6565093065, 505089.4182224026
192, 252753.8867425396, 534967.7245079139
193, 244593.95644404372, 467844.56137124595
194, 244387.03471534967, 517004.9295606737
195, 235918.2973238302, 470611.907860694
196, 238703.6971544087, 540956.1279677354
197, 237595.17580900452, 483846.75877637987
198, 227103.78324792872, 496952.60625507304
199, 225918.70747611526, 470994.1831625406
200, 232044.0664807907, 514303.73927049513
201, 226145.5041350265, 477116.7195997362
202, 230711.92427219727, 484014.9347351867
203, 222393.27819303822, 469382.7380275974
204, 223100.06630851445, 476819.2424031047
205, 221432.89416766583, 495403.04120586446
206, 217088.84238685673, 519794.26272067777
207, 217736.36034997652, 512025.78398944804
208, 230142.94601112083, 507912.04002637987
209, 205025.37292158318, 481753.5448330966
210, 215145.7434979097, 466766.1250887784
211, 212188.49105432272, 498735.79055905034
212, 212926.45048078752, 513909.35390878655
213, 211505.59398234496, 489586.351461039
214, 207890.20247713028, 476775.0895774148
215, 205608.43359156928, 548978.518060065
216, 205671.43928382246, 539265.0842126623
217, 203076.1001097493, 536344.1812347808
218, 198143.1414227441, 488069.7166700487
219, 199331.89044538862, 500290.04905641236
220, 197703.69626725538, 479048.0879667208
221, 276386.7850783391, 497494.0022828734
222, 124449.96725958245, 509723.6796114042
223, 193990.62372130976, 521969.7836089692
224, 193139.55561350964, 494698.43132355926
225, 200089.03500320367, 506039.28510551946
226, 198953.00017406046, 480492.7238991477
227, 192097.82550299115, 528501.2242542614
228, 190907.13467026842, 502613.96294135554
229, 185627.12418203475, 518116.847554789
230, 189997.24148848266, 464070.3792740463
231, 182854.98112296363, 485515.89604048297
232, 181842.0443907725, 500733.13737824676
233, 181502.08197534448, 510642.92164671264
234, 181056.79702418053, 529988.6945008116
235, 178868.1965650217, 539938.5726334213
236, 171430.2224385753, 525589.645558543
237, 176416.35238641265, 520322.57555042615
238, 174211.44322199014, 515365.6844815341
239, 175149.5519925364, 525509.2802353896
240, 169327.328038961, 573919.1331422484
241, 171190.3204189584, 498607.2292385349
242, 171596.1952423207, 523881.8536424513
243, 171062.16586039794, 486499.28968394885
244, 171004.63695704236, 493556.9981737013
245, 168410.84676255455, 497358.4559785917
246, 171186.6762608084, 538808.4388063109
247, 170807.3044535691, 486799.52735643263
248, 169824.58835095348, 543205.2921570616
249, 168231.20896296436, 549997.8981331169
250, 165270.96045893282, 550831.1881087662
251, 167270.90169865574, 564151.2154017857
252, 160406.5245665141, 551388.5629565747
253, 165378.15824842433, 505786.017235694
254, 160645.5750577294, 522060.93590198865
255, 160939.30833067684, 512269.736670556
256, 161072.55959489508, 569216.4186789773
257, 166712.85664554153, 497194.2762910917
258, 163516.94022212338, 506609.9518821023
259, 158589.47637436402, 547827.0835658482
260, 157848.85725733035, 495751.8108132102
261, 159383.35430286205, 542294.21484375
262, 157283.73209635416, 488844.482320414
263, 157778.6250719635, 567322.538859578
264, 154925.13233452756, 517707.9502333604
265, 152977.2028809585, 502755.16557173297
266, 155942.736960135, 519750.3699776786
267, 172493.27579921114, 512230.716112013
268, 154840.38214797757, 497965.0465452516
269, 155442.348545584, 512575.2962662338
270, 150326.95104341125, 479546.0084593141
271, 151105.9078611497, 482648.3703835227
272, 151658.86939200162, 548245.5439453125
273, 148915.2011340099, 528949.6670682833
274, 147161.2853087016, 536373.6976461039
275, 147470.27228568756, 498537.00914417615
276, 146686.72402831438, 507369.5870789367
277, 155564.26727877272, 461432.51268262987
278, 149263.0635455523, 530562.0548523741
279, 148970.26821667713, 499006.96973924513
280, 145174.83332421398, 498631.5136084618
281, 153590.18947711284, 492448.863966112
282, 202961.68360088687, 481858.49416599027
283, 79221.05294590407, 516210.95484983764
284, 144562.5100114507, 496353.96448863635
285, 143502.64556054608, 548475.84717431
286, 143219.33281511685, 504545.60014204547
287, 141501.9958719121, 517541.53624695615
288, 139574.091064354, 519610.8623046875
289, 139194.4170897248, 556734.9213676949
290, 142333.66991632408, 524475.5811181007
291, 162238.5347329936, 531991.2390929384
292, 112536.99890211062, 514168.79452871345
293, 137930.70497067538, 524441.3789442979
294, 137472.3815496695, 546774.0165888799
295, 138695.82547285766, 491502.40589488635
296, 137714.78752232256, 539059.6032366072
297, 139661.49824036364, 503307.6527749594
298, 139060.1647597331, 519486.1506950081
299, 139267.57731218915, 552530.099406453
300, 137188.00024542923, 526747.6329139611
301, 133707.4993646198, 535527.8572443182
302, 134191.44225652944, 528851.9996068384
303, 136215.9120808275, 522105.1399147727
304, 131329.79968276588, 523718.14404931007
305, 134898.7036757289, 514251.84339488635
306, 131624.3925329248, 517766.60026887176
307, 133625.79498848584, 486909.33484679385
308, 140459.64277161364, 533407.4005047687
309, 134381.14588586867, 529178.5175273945
310, 132648.6892929418, 517239.94465300324
311, 130464.8301973703, 536924.5190239449
312, 130567.06602442714, 548009.4657949472
313, 130124.51881102029, 536524.1778358361
314, 136245.0806159679, 496812.0768186891
315, 129717.80643563806, 560759.1082335634
316, 129902.46649435077, 508126.716898336
317, 126775.92346711803, 526380.7206016639
318, 130210.54793066287, 548886.2608563312
319, 126425.21053287879, 519168.9830686891
320, 126957.90125497995, 570755.6218800731
321, 124187.0194107161, 503165.4273285308
322, 124733.99397508914, 529394.0371220576
323, 125161.2135682317, 539559.3153409091
324, 124570.45045977339, 505055.35602678574
325, 125904.40020605746, 501294.5198229505
326, 123272.51738820481, 537739.8277952516
327, 123695.54939471364, 528137.8518542005
328, 124671.36784567854, 498382.8168374594
329, 123071.43595823659, 516234.246436181
330, 125896.59949677096, 551459.7639508928
331, 126546.56224624442, 519226.1008522727
332, 117438.15667186865, 524248.42622514203
333, 123964.09588471884, 565325.2498858563
334, 121120.63231628889, 509955.42087307223
335, 126799.64916184332, 504774.0477881493
336, 120697.29526285906, 550456.1407771916
337, 121328.47545033686, 517239.2112038352
338, 120399.63876009472, 530575.3511312905
339, 119718.91061935393, 510737.1121271307
340, 122305.44317123902, 532110.0414721997
341, 121295.50519564556, 504367.7410460633
342, 119437.2218130083, 504242.9465046672
343, 117566.98953099624, 527820.3286830357
344, 117011.04941017687, 530330.3159877232
345, 116441.47444681283, 528673.0793678977
346, 115308.69176309378, 526349.9033329951
347, 122808.10985743298, 576808.7610592532
348, 113205.98095960845, 492013.3439275568
349, 113559.85272462128, 520572.90933187905
350, 112743.04256710249, 511597.8601740057
351, 113512.41460034289, 512228.4745459618
352, 114736.35583986754, 541502.1304662134
353, 114215.34529394412, 518222.17971286527
354, 116138.1155158851, 542032.6969358766
355, 111778.15014261857, 516822.6713676948
356, 110705.61650315291, 537645.5831219562
357, 112037.78551467977, 505515.3862494927
358, 112974.94065489557, 528730.6470424107
359, 113951.69238122653, 529388.8957614651
360, 109306.73390000127, 505355.87229859986
361, 108086.66583799609, 506508.94088626216
362, 107704.21272925231, 510809.52927150973
363, 111938.52881285605, 613509.7541345373
364, 113464.84721435844, 593687.3735795454
365, 110353.12542127391, 506875.3115868507
366, 109365.70245492666, 549348.3538326907
367, 106552.2875024979, 528195.4143922484
368, 108262.27103019216, 558087.1754515016
369, 109111.28665430004, 504306.5949041193
370, 108525.70006308205, 531645.5206473215
371, 103592.63420894869, 541537.9934938109
372, 102151.73056846802, 514867.42912946426
373, 103648.30299962888, 539234.2177861201
374, 103650.85753031586, 502964.7747818588
375, 99981.00625339002, 495331.84721235797
376, 98506.09302838256, 528602.8009461241
377, 102271.40994828937, 512874.7559354708
378, 98880.88855193584, 536410.5261642655
379, 96805.37977199268, 508311.49360795453
380, 98002.54656613187, 517217.9543044846
381, 97794.22140551252, 539827.9831701502
382, 97876.43561229637, 537442.125139509
383, 94932.76440290915, 532366.6407010958
384, 94197.5470359762, 517038.96277648135
385, 98874.42261188242, 518883.5211038961
386, 98504.71059572295, 497158.3539214692
387, 94022.43751467025, 517731.5293856534
388, 93168.60654384103, 514303.3064630682
389, 93372.88537840509, 488473.25856077514
390, 91891.43194894794, 517469.49526937905
391, 91399.5512441557, 546006.8575740666
392, 90871.70925597278, 522433.0827034294
393, 90254.05967796038, 505595.27294287743
394, 91915.22204406466, 502375.97230113635
395, 142218.15922032803, 521745.7141969359
396, 43908.211842891986, 522981.48809101054
397, 88537.90000206177, 616248.3326273336
398, 93813.91216468578, 548992.0821073458
399, 87557.28169486526, 537353.158887987
400, 91961.7119055379, 476994.01331676135
401, 89943.68648676189, 496614.6261921672
402, 86605.3630598086, 522484.67872362013
403, 89354.8863512009, 480348.7932350852
404, 87528.81503428475, 512921.85688920453
405, 85588.8955788839, 537733.1525847199
406, 86429.85806885261, 492340.9198838271
407, 88347.27813683532, 507424.3504210633
408, 88604.46039866588, 536964.3976511769
409, 84953.13094987455, 497975.4863915382
410, 87243.85796259246, 556904.3967507102
411, 85818.93103379231, 516098.3668070211
412, 85631.4277974174, 565225.442674513
413, 88828.29864415221, 474198.04159902595
414, 89810.43031594156, 531845.3427100243
415, 83341.48313744592, 509875.1055575284
416, 86676.73952425586, 507817.9290914164
417, 82722.58440049451, 484190.01539671264
418, 101475.99907091755, 557038.9316913555
419, 74612.1542134132, 601406.9413808847
420, 86278.32945662207, 487217.5401024757
421, 84925.94633733554, 622582.1972909903
422, 85691.60012892964, 578587.5406605114
423, 83578.85422762748, 484483.7285790382
424, 81344.52052238362, 522426.73351258115
425, 82574.23899345072, 524782.6106178977
426, 83734.85275435825, 557104.9979200487
427, 87677.58543732396, 519229.01004464284
428, 83059.63152607814, 523524.44226866885
429, 79561.61828608325, 527802.8124619521
430, 81172.77412615895, 560657.1725091315
431, 80699.9702580615, 523596.81157416804
432, 79354.69482768806, 525913.6696174919
433, 78240.45584365405, 512783.53123731737
434, 77288.41118574433, 539245.8644100041
435, 79521.2537597458, 520015.48631544237
436, 79888.7583551008, 490959.2995890828
437, 76804.62287162505, 506007.42508370534
438, 77007.18577822873, 516998.8442573052
439, 76814.76769766767, 523197.3275542817
440, 77997.3623519693, 518900.12167715095
441, 77750.76357632017, 563633.0921519886
442, 75003.4131736616, 520390.9364600243
443, 76683.16499227632, 494441.94202769885
444, 76797.44050819313, 536559.6787489854
445, 75348.91795422844, 500224.67058137176
446, 74660.90050967205, 516005.5492593344
447, 76377.92506587732, 507815.7737038352
448, 73129.98057035136, 542789.2122438109
449, 76481.18041546133, 518498.7088955966
450, 75498.01762372171, 535615.0754362824
451, 75963.02889205555, 534129.9182477678
452, 73667.77970209095, 517764.6341188109
453, 74295.10794177657, 518129.2350091315
454, 74788.65331912303, 538977.312639509
455, 75064.32683203601, 500505.49684202514
456, 74715.04614485796, 505576.5093344156
457, 72200.86143081672, 555230.0725446428
458, 116108.60491623687, 532506.4317167208
459, 31126.783314440436, 535538.6988890016
460, 71047.5734448946, 520582.5710480925
461, 71322.43423864602, 505109.0213448661
462, 73441.26431042714, 529445.8040787338
463, 72352.88992172037, 527308.8321961241
464, 73593.79123528217, 532592.8447138799
465, 73079.1556515928, 522930.396484375
466, 70322.45887077972, 524845.6601308847
467, 84963.16196009534, 496097.8586520901
468, 56651.98805356384, 526581.5345855317
469, 70769.46407911307, 506853.9028130073
470, 70444.22717200902, 500421.68004261365
471, 68250.4955073367, 512223.17788656655
472, 69848.67775747072, 514906.2027952516
473, 70911.09358694221, 536300.6393060065
474, 71118.455608831, 521742.38050426135
475, 70329.01500433961, 535699.777686181
476, 70576.3676930287, 532851.5531655845
477, 69177.20580757318, 545460.3526024757
478, 67778.57320075398, 546636.3278459822
479, 67754.06434171044, 523476.57343242696
480, 69411.53970858551, 523899.9696251015
481, 71617.16204266503, 500112.44991629466
482, 70599.68682744859, 538972.3635856331
483, 110860.25432256775, 550684.2354276583
484, 27982.62003481606, 530015.5471032873
485, 68322.64595604794, 526094.8029626623
486, 69864.40927534146, 493686.8333375609
487, 71363.8829679253, 523944.2086165787
488, 67438.68900350183, 552939.6638088474
489, 69147.18320399728, 540984.8135146104
490, 68599.69298052584, 538816.664645901
491, 64793.5028534617, 559825.4222427963
492, 66092.2339937719, 526590.5790381493
493, 66942.74355678892, 533306.5205078125
494, 65304.801600801235, 522265.6999797078
495, 64668.49431646969, 541853.0193536932
496, 64909.93852077148, 537949.5164874188
497, 65153.78329005611, 535136.7110135958
498, 64884.66965632375, 525481.881785207
499, 63303.296168548426, 515061.9681031859
500, 66136.28080602686, 545131.5320363231
501, 66950.33763369748, 556816.0461647727
502, 64533.16596120632, 575218.2811485389
503, 64932.630814472155, 514280.2483766234
504, 68304.30600177549, 564333.4662895699
505, 65201.17224671228, 576758.6228059051
506, 65599.2972382868, 545761.0484476461
507, 64716.885481295045, 534764.5912895699
508, 64870.97217778196, 528207.4081904424
509, 63949.55333193966, 507973.05268364446
510, 62844.73056955837, 525812.4004286729
511, 63434.042218386814, 518612.26557426946
512, 61493.80970318725, 540567.493798194
513, 64474.52217006025, 545984.0958553166
514, 63440.61750132429, 487916.9227627841
515, 65158.26736679418, 494111.6306057224
516, 63975.460960397475, 517464.7335252638
517, 62835.67388660773, 534792.9607472606
518, 62313.76608176005, 524677.4514889407
519, 60803.09427178492, 535393.9388570414
520, 60819.12064298691, 524251.0453023539
521, 60228.31435519121, 503273.8814681412
522, 61065.5419619549, 549256.7394860998
523, 59574.172506514384, 519915.08063616074
524, 60840.66183173071, 543692.4965122768
525, 60429.30950826133, 562706.524363332
526, 61105.09762378713, 555923.4161044034
527, 59874.302742106614, 536177.9573990463
528, 60014.67324062135, 548965.4595931412
529, 58901.51048753981, 511057.03062855115
530, 60878.659903882144, 553268.9879134537
531, 59879.94700721063, 561264.2959111201
532, 62653.37347726826, 550171.4971464083
533, 58126.950790646886, 513383.61080813716
534, 59446.9666171645, 535789.0541167817
535, 72151.2072805946, 550701.4679129465
536, 63911.98503476451, 532762.8210100447
537, 62013.38199641808, 566536.0843521713
538, 58977.829440415415, 536940.0631975447
539, 61508.12645810337, 556974.9919718953
540, 59663.51084180639, 537323.3067040382
541, 59150.53389034666, 518103.5536094765
542, 61541.32526876285, 510709.8154677354
543, 60734.23449275845, 526978.1219181209
544, 57749.49774360734, 541745.1324320211
545, 58467.60978993003, 529715.4860491072
546, 58596.206329258974, 533554.2707741477
547, 56101.79119845788, 538830.8942268669
548, 56962.01215489241, 530651.4896382914
549, 57669.90810677718, 550195.9457183442
550, 56232.15630144498, 520930.26856737013
551, 56447.62678560667, 520916.06596235797
552, 56061.141126464645, 521369.74802150973
553, 55792.89588571998, 522995.8138824067
554, 57446.96747210275, 533773.313045353
555, 56428.01463862429, 546827.9077972808
556, 61431.810517336264, 522439.0262657265
557, 55728.74630964049, 526141.981939935
558, 56785.30373552007, 527727.1275872565
559, 54589.847323394046, 521396.4883446632
560, 54794.829274036994, 537137.2405387581
561, 55377.485736656425, 516562.5627663352
562, 54262.19431869005, 519075.911424513
563, 54877.07880587777, 526350.918108259
564, 54716.89703906884, 531755.6988382711
565, 55338.92843577129, 525465.7906605114
566, 54928.29071924641, 525540.9215198864
567, 53254.89459577925, 526992.8490513393
568, 53737.63502324639, 542350.2806158685
569, 54002.58906771388, 531258.1679941153
570, 55503.50251346887, 539400.7598670861
571, 53644.47061381493, 526901.5730519481
572, 53196.40589910361, 529614.5588600852
573, 52257.90428071791, 502317.58289366885
574, 52518.79309879974, 515814.2033279221
575, 53118.36959708768, 504582.97998681007
576, 52809.97779093474, 517733.23341112013
577, 52334.32429596703, 523702.9701324067
578, 52500.34091963402, 518364.88916649757
579, 51608.59419357665, 538489.8614803166
580, 52655.86761462219, 520339.8228109781
581, 51068.370992247765, 537135.5345348011
582, 52614.15765090924, 528880.2800197849
583, 59218.176014288816, 579489.3850700081
584, 51860.06229104814, 561201.9083553166
585, 52635.709851009786, 570851.4937220982
586, 50319.6758212958, 511470.9304991883
587, 60842.10185996895, 481669.821923194
588, 54122.94908988974, 506704.48691152595
589, 53133.16892747031, 521431.8502435065
590, 53603.73504180227, 486706.9911728896
591, 51024.376663288545, 523024.0900974026
592, 51788.027997467994, 549832.7651684253
593, 52069.55408180723, 526202.0713778409
594, 51028.882933727764, 509950.4156097808
595, 50914.91465287822, 516240.8702566964
596, 51232.60504985504, 521014.998287845
597, 51837.78142832277, 540278.3377891639
598, 50286.890414164794, 531860.2987773945
599, 50055.01125396097, 545502.4759283685
600, 49642.19436180867, 546123.8708020495
601, 49442.23317600487, 519986.2244318182
602, 50267.00707829391, 535814.8543653612
603, 48106.647636732625, 568099.2902293019
604, 48645.12985545448, 533601.7218191965
605, 49163.15053613797, 533726.401760349
606, 48692.34372819288, 513126.69294084824
607, 47853.53578047882, 523437.26467380277
608, 49012.18552893369, 496610.91000405845
609, 48902.70791404188, 538707.1101993709
610, 47466.38892820779, 521544.2404119318
611, 48874.135706998735, 540303.3253855519
612, 47850.82858136355, 547226.9250710227
613, 47153.698534700285, 536374.0986201299
614, 47536.6848275374, 520674.35285612824
615, 46877.96499768845, 522417.2420099432
616, 46264.96294821562, 536006.5488534903
617, 47444.229979675765, 513529.2274122362
618, 46094.98902854037, 543545.0879920861
619, 47872.2951761262, 560298.9820540787
620, 46848.15890412479, 508687.0364371956
621, 45861.28177991303, 526175.7010957792
622, 45671.884372105604, 514304.3472757711
623, 45613.89270430893, 517106.37399807223
624, 47328.27468357868, 536329.9878627232
625, 45856.97003394378, 513634.0823990463
626, 45649.67586937059, 524757.4463017451
627, 45629.25187551147, 523163.55270900973
628, 51934.27634260493, 509934.58928571426
629, 38816.26832863687, 540013.3244089894
630, 46453.56911439698, 559042.9073280236
631, 49154.863659405295, 546828.4439935065
632, 47352.56618510598, 540761.088233056
633, 46115.07015499312, 528921.2480976055
634, 44434.27907469018, 537883.3611759334
635, 47603.123079486555, 538383.900974026
636, 45751.13027791787, 594987.8098873782
637, 45401.94656923444, 512248.2803114854
638, 46363.618712709824, 509689.0214082792
639, 46050.95157600059, 487987.533545556
640, 44786.01072731901, 518996.22547179385
641, 44207.9228886346, 520390.90792410716
642, 43922.93117831405, 520107.5181488433
643, 44695.29228133009, 546275.4437525366
644, 44003.899654585126, 568877.886135349
645, 43424.352806794464, 543350.9224076704
646, 44508.939320993675, 546916.8476055195
647, 43676.37892617378, 531191.1586216518
648, 42782.26688089189, 550098.8836495535
649, 43696.494698689035, 560189.1127612622
650, 44941.51782191869, 530351.1081955155
651, 43111.36986085471, 547932.1857371144
652, 43439.79420694838, 550461.9599482549
653, 42981.202225059795, 568872.9131873986
654, 42861.69729476724, 494262.47075385554
655, 71658.68679453965, 556697.0572620739
656, 13918.413293105144, 530182.6422991072
657, 42525.634450908605, 561116.9326045049
658, 42539.739727557695, 546211.706003957
659, 43248.15098665325, 472806.2037591315
660, 72854.05391270292, 515861.16269277595
661, 14413.17533925932, 497838.6546012581
662, 42556.729331657356, 553409.3507254465
663, 42892.90064239812, 543972.9799487622
664, 42498.96157218632, 549478.3875177557
665, 88650.316944192, 567255.5258979301
666, 42777.63446121742, 551424.6619825487
667, 41827.07670322531, 554900.0523538961
668, 46642.385337665415, 673920.3926288555
669, 46303.72014109603, 549246.3460836039
670, 44883.447116940086, 528319.5882457386
671, 43028.34981406456, 569403.3592101259
672, 43706.91247058021, 588867.0933441558
673, 41758.964746113576, 537859.9464919845
674, 47105.75340230727, 604616.3736810065
675, 46626.53912797092, 477508.708882914
676, 42940.90512980788, 529888.2714082792
677, 47745.66850867448, 566745.0150923296
678, 36268.1388554513, 552635.9645647322
679, 41772.77681735585, 582906.0759816356
680, 44859.38737306274, 534204.322950487
681, 47363.24386813512, 587427.9800629058
682, 41961.75010021363, 565667.3703835227
683, 41240.3111558884, 543751.1674360796
684, 39767.98330129669, 547923.1217278815
685, 40246.62641369614, 537037.7772676542
686, 40334.4012181061, 525460.8801998782
687, 40129.4216092505, 555029.7382432021
688, 40268.82649838707, 544161.2086038961
689, 39883.76579826749, 556471.9008979301
690, 40385.93912314362, 556108.5046418426
691, 38908.47743627166, 554643.0705661526
692, 39484.954313587186, 568158.2953784497
693, 39954.067528523716, 557057.9883573458
694, 39295.730872082604, 573553.1613484172
695, 40171.62174003375, 519634.84070616885
696, 39759.732931666, 548083.3612773945
697, 39052.55919691513, 558604.6824649959
698, 39184.49216371041, 567464.3450689935
699, 38800.9226245702, 530625.6880073051
700, 38543.442990438176, 529960.7971286526
701, 38903.472080145526, 542849.0674462257
702, 38110.395568277694, 552162.9696124188
703, 38920.617016611475, 543155.2450791396
704, 38219.63193694412, 518081.31769987824
705, 39675.30657465846, 552707.9518313718
706, 38184.00996615138, 548128.6773792614
707, 39686.88450889572, 605069.3125
708, 39312.28760608173, 524138.7962028206
709, 39194.23374883828, 577412.9286982549
710, 64391.449509875056, 524289.495510349
711, 12308.364948701723, 533831.7142476664
712, 37926.30816950239, 520930.1159953328
713, 37066.86248717345, 519948.2459669237
714, 39074.61674481546, 530318.7597909903
715, 37991.58602988289, 528235.1851029829
716, 37859.80978937494, 535978.191609172
717, 38336.445814063765, 593073.5012428977
718, 38481.08880325299, 540488.0174639813
719, 37884.09443157163, 548066.7631138393
720, 37717.26429575689, 522223.592139306
721, 37920.78657440669, 540710.1899731128
722, 36446.851999683204, 524831.3590959822
723, 37551.77433263273, 539927.7596641639
724, 37129.319001792945, 563566.1997260551
725, 36255.96578135705, 538159.0760957792
726, 36692.92691254393, 525692.6442015016
727, 36956.847911591554, 530019.4565746753
728, 36447.25722678057, 533400.647752638
729, 40460.44449304789, 661977.7179890422
730, 39205.07171915839, 546219.1760856331
731, 35916.54159787511, 535043.7281224634
732, 36728.85906484327, 526415.5609019886
733, 35721.58802077386, 550748.8141994724
734, 35915.549837299055, 548784.8716137378
735, 36391.19695244502, 508831.4640827922
736, 36513.46403579619, 552821.5840097403
737, 35869.4901138411, 537940.5724431818
738, 36097.100007354944, 519512.85773894074
739, 35774.92630432352, 543482.3366350447
740, 35649.543988332, 530840.7938438514
741, 34734.94868090711, 519516.48970170453
742, 35438.52461126826, 544112.5823356331
743, 36276.95705275975, 517428.6531554383
744, 35715.88489874756, 522904.5310470779
745, 34616.543813280296, 535939.2108487216
746, 36967.63481483971, 589263.6312271713
747, 35345.83051079809, 513707.5199117289
748, 35082.580943074696, 493378.5603693182
749, 37332.48364614656, 530091.5681184051
750, 34990.01529273878, 500974.8512707995
751, 35393.32150247491, 571402.7716999797
752, 36686.08499295432, 495598.708299513
753, 34306.09312750584, 515353.0107041396
754, 35778.53145498693, 503867.54096489446
755, 35018.44573119671, 524767.3983994521
756, 35242.97174352289, 535290.1807782062
757, 34614.76775590259, 541882.5399629667
758, 36455.71133810671, 540730.5581879058
759, 35364.830110637435, 540033.2220601664
760, 33538.311037783016, 534060.7076019683
761, 32643.180110558136, 518999.0734831575
762, 33442.614193481495, 515248.27019074676
763, 34362.913381225735, 561329.2858030641
764, 34063.99890126807, 525223.4883446632
765, 33059.8703859107, 527314.044921875
766, 33870.213981377514, 531183.7634943182
767, 38611.49147767823, 503400.67687195615
768, 33636.60702939639, 502643.32301390014
769, 33459.837610799994, 508852.2827719156
770, 34667.984386696546, 498114.55615868507
771, 33811.970800662304, 540373.0007355926
772, 34306.76397400274, 538088.1578733766
773, 33898.55926674747, 526015.860744724
774, 38367.49062145139, 506212.9535562094
775, 34881.8116262779, 524857.8664772727
776, 35340.619134380235, 505277.99313869723
777, 38100.110817342764, 504968.6747159091
778, 28722.74904549243, 508308.97069044237
779, 36301.05049359426, 521990.8068054992
780, 29512.308247264595, 513632.3292283888
781, 32353.448300471984, 515167.19206574676
782, 32255.517540953773, 551644.0594308035
783, 32476.614666101268, 513572.0185166396
784, 32072.94376325278, 508970.52587256493
785, 32179.246843766257, 501125.4580965909
786, 54252.319411519, 497092.8440543831
787, 15893.18542728277, 534664.1101866884
788, 33581.7208206852, 533688.7410967938
789, 33509.21906669886, 523456.31324827514
790, 31905.098125598706, 509216.19041700487
791, 35193.150222412805, 600934.37451806
792, 31965.885077169452, 511277.1237571023
793, 33092.71957639074, 510030.3254362825
794, 34592.37519487636, 513631.601220069
795, 37353.66352188166, 531457.8411373782
796, 33023.648393439704, 533154.3959643872
797, 33329.74723664136, 550119.2973062095
798, 31792.477265829195, 525110.7632406655
799, 31153.173325074382, 521636.005618405
800, 31545.298704518278, 527621.9668729708
801, 31698.18944152758, 521569.42320667615
802, 33598.82723784669, 549767.8263874797
803, 37547.46244169569, 513913.03178267047
804, 38662.06973312446, 510892.7268161526
805, 31754.48921751889, 528558.2589285715
806, 31643.902072449597, 540364.2010450487
807, 31329.375028745748, 513345.35914671264
808, 31883.958739243142, 517224.62167715095
809, 31492.626412903155, 532118.6755910106
810, 32520.87691288095, 542264.4971464083
811, 30354.086285125322, 540304.9625101461
812, 34159.264596496905, 497995.04601258115
813, 31126.42461704714, 542011.1826045049
814, 30614.13290726185, 543906.4414823458
815, 29618.927877955062, 538493.1376572646
816, 30404.867287317138, 557972.2169110187
817, 30622.360929550312, 525330.1844181209
818, 30224.00235150144, 549855.0326450893
819, 29215.834041073515, 545347.0295124797
820, 31189.825887985942, 562966.3859197443
821, 30771.18169960335, 532257.0107675528
822, 30071.313177953634, 529800.4585785308
823, 30205.29964569377, 530931.8718800731
824, 29421.033614387467, 510880.73741883115
825, 29916.236899124622, 515705.9290153206
826, 50289.330903524504, 509295.7114448052
827, 11075.978627981232, 534262.1371245942
828, 50000.30433075534, 557288.8185876623
829, 9998.381857149881, 575767.7892146916
830, 29743.526916875617, 539842.9376268263
831, 28326.346531448642, 548662.1390777192
832, 28291.60352018467, 552120.1980773134
833, 28971.17824020107, 607912.9378931616
834, 29021.037516127355, 544535.2762784091
835, 28621.328912534416, 544649.4480773134
836, 28137.547554390923, 526813.4729606331
837, 32264.916615519058, 529188.1271179991
838, 27641.720977547786, 539876.3961799919
839, 28045.88432606284, 539646.6870561079
840, 27460.269245576725, 525657.7478312703
841, 27523.277676110338, 541192.2055854301
842, 27887.15823410102, 541073.8671621347
843, 27446.289817075925, 526895.7170505276
844, 27221.94617794531, 527216.2062956574
845, 32319.394702733265, 549428.8526532062
846, 27858.639007209036, 629994.5285866477
847, 29062.3259866136, 535857.0242491884
848, 30249.566929174835, 524300.4665178572
849, 29274.111530832095, 583383.0051871956
850, 28062.704692039846, 555924.6903409091
851, 27756.50745164172, 524278.7139306007
852, 27575.06458872564, 548418.9963474026
853, 27524.094666245986, 555844.2555803572
854, 27426.67767628876, 541439.7924614449
855, 30005.950347863218, 571117.4930752841
856, 27179.535379227807, 537969.643262987
857, 27973.20336958668, 557405.7272727273
858, 26472.299600741364, 537608.5901354505
859, 26439.77637838843, 557395.8641817167
860, 27642.89866117167, 528565.4309303977
861, 26467.15631210073, 513491.7830762987
862, 27633.9349868285, 534529.9559659091
863, 27810.3766183857, 535125.842481737
864, 27156.311097108297, 512049.1608918425
865, 28082.969994492712, 563507.4650974026
866, 26669.636901781127, 531919.1566812095
867, 27297.156690999447, 539846.0825258725
868, 26238.385148538207, 538407.8359248174
869, 26764.582381749897, 515842.08885450487
870, 25682.640532270176, 541238.0508573458
871, 27958.467760601037, 548721.4540635146
872, 26108.852434487446, 530142.7504058442
873, 25922.766657220218, 532274.2445464692
874, 27093.922598401656, 514182.8374847808
875, 27360.667425009276, 551614.1642146916
876, 25661.978369963348, 572831.3254743303
877, 25307.537813298935, 555180.2064985796
878, 25372.910466505848, 534483.2598797687
879, 25948.879327127423, 575562.9977551745
880, 25520.870001510637, 541172.6936891234
881, 25773.70711778462, 528858.9118430398
882, 24950.33668459212, 518391.78368506493
883, 26248.160200161612, 553250.7380275974
884, 25263.63137818622, 514170.25928368507
885, 25732.528840164512, 536691.9139610389
886, 24829.05155109091, 531621.2370890828
887, 25151.939239068288, 518195.98341112013
888, 24394.286063624455, 533594.4184253247
889, 24628.909051471546, 525838.4793019481
890, 24496.417412271938, 540954.7061815138
891, 24872.389631933474, 555315.5203429384
892, 25166.356621454557, 559574.8093293426
893, 24399.089266505613, 544213.7968242695
894, 24246.397466191032, 543323.1560090301
895, 24984.30945473476, 527176.2514204546
896, 24905.93548061109, 539346.2881493507
897, 24038.82802265522, 528312.3654119318
898, 23645.986037693805, 528312.8066152597
899, 25378.11915916105, 529442.3840553977
900, 24683.117737733297, 532507.6823635349
901, 24591.604174398282, 524023.8330839083
902, 23567.59919736911, 524821.8129946225
903, 26592.403638299966, 568441.1517349838
904, 22740.18266858292, 528222.5967938312
905, 28112.78405013338, 523871.00197849027
906, 24152.51820200689, 500189.99551034905
907, 26291.79354693606, 514919.1403586648
908, 28343.392702722955, 574803.7665381493
909, 42279.19495521016, 481102.8495332792
910, 8188.8957585448225, 518219.71821732953
911, 23298.234924242064, 494729.0275466721
912, 25288.22001164104, 490495.4138849432
913, 23494.723043623755, 504239.0528104708
914, 23656.578940586303, 498153.49785663554
915, 24308.577780001444, 504482.43141233764
916, 24047.841226420554, 512475.1396103896
917, 22591.093810960814, 509728.69112723216
918, 24059.885047482032, 499259.26585328736
919, 23916.243054679966, 500361.8034446023
920, 22476.598956301306, 507456.85891842534
921, 22913.460065289528, 518289.5169693588
922, 22650.45239242944, 499748.1949320211
923, 22613.359287275904, 507197.1068131088
924, 22379.93359830967, 507652.4240056818
925, 24210.422191550177, 537456.4638037743
926, 26212.636871895458, 566975.4871144481
927, 23381.820170704155, 503082.28908786527
928, 22171.46720684886, 507099.3116883117
929, 22222.214515800646, 506677.14404931007
930, 22284.290038963376, 507064.4929484578
931, 22007.975032433136, 513268.15414468345
932, 21990.90493651749, 523061.68897118507
933, 22110.565542390665, 517071.9308035714
934, 21886.17631770516, 508072.0762987013
935, 21856.362930527073, 510785.3401481331
936, 37480.66955392941, 512005.09397828736
937, 6375.665189036014, 516894.76890980115
938, 21429.04380088989, 515702.87938818993
939, 21560.162696729963, 519432.69405691966
940, 23263.016039483973, 520479.39889407466
941, 23524.251639102466, 548349.6839615463
942, 24248.08659617416, 524270.14535562095
943, 21862.01445950854, 534490.4529601259
944, 22155.26208045083, 530706.7773564326
945, 21808.82578891223, 516157.46108969155
946, 20954.400072241042, 517580.1180245536
947, 21955.622814827413, 516658.31601308845
948, 22779.54530146758, 537364.7778003247
949, 21378.819859110143, 537748.5546875
950, 20986.062401521027, 540386.6431488433
951, 21614.544930498723, 530364.820109578
952, 20639.809787888087, 524769.4403916396
953, 20984.218675161927, 550032.4654778815
954, 20965.891240159042, 537848.7127637987
955, 21131.285446482947, 522198.61754261365
956, 20665.60145326615, 517568.2015016234
957, 23945.961068540968, 559996.4575385551
958, 21111.773233107808, 506023.9081508092
959, 20982.120721145613, 508265.3772067776
960, 20263.279956441267, 522979.7041649757
961, 20548.224985894758, 498167.604880593
962, 21654.344576836793, 574843.6877790178
963, 20509.159555562957, 532501.171875
964, 20445.94487179792, 517186.7900882077
965, 20430.13314337349, 523263.2435064935
966, 20376.52981905641, 516690.8464387175
967, 21379.412737717437, 514427.9952820617
968, 20778.29726881677, 513777.02637987013
969, 22120.324434442246, 522808.07858157466
970, 19922.03158627571, 505787.754007711
971, 20056.701199233023, 517086.95644784905
972, 19830.780061511938, 519848.99512987013
973, 19489.965013696856, 511414.0563869724
974, 20032.643390737605, 525415.5526075487
975, 19588.698995127892, 520066.35252637987
976, 20068.53073807785, 513811.5103997565
977, 22992.666508267674, 568934.1444044237
978, 20825.104065808733, 503228.58433948865
979, 20593.671267622136, 532400.0805346997
980, 19714.12171004896, 509309.3728693182
981, 21788.98112226975, 510042.8172433036
982, 21129.869936386647, 508612.2530184659
983, 20375.136360171553, 519734.61967329547
984, 20229.10738103621, 507492.233690138
985, 19365.431399854566, 515683.02790178574
986, 20655.960837583738, 513458.1843769024
987, 19594.4111472845, 517348.43043577514
988, 21674.456388138195, 530643.0575284091
989, 20026.483036587986, 532871.910739651
990, 19610.373679380613, 542269.5463169643
991, 19761.816801504057, 537378.9909446023
992, 19072.67100078228, 524495.3401988636
993, 18786.27870709152, 519305.0953987419
994, 18615.50919799557, 528286.4661627435
995, 19204.606147050567, 520643.9881544237
996, 20767.881818888298, 527961.0671164773
997, 18972.148322517, 522949.23668323865
998, 19194.701877087537, 523757.637987013
999, 19502.544983876607, 537570.1826171875
1000, 18735.03592797425, 510315.0498934659
